\BOOKMARK [1][-]{section.1}{Introduction}{}% 1
\BOOKMARK [2][-]{subsection.1.1}{Keywords}{section.1}% 2
\BOOKMARK [2][-]{subsection.1.2}{Definitions}{section.1}% 3
\BOOKMARK [2][-]{subsection.1.3}{Motivation}{section.1}% 4
\BOOKMARK [2][-]{subsection.1.4}{Hypothesis}{section.1}% 5
\BOOKMARK [2][-]{subsection.1.5}{Premise}{section.1}% 6
\BOOKMARK [2][-]{subsection.1.6}{Literature Review and Related Work}{section.1}% 7
\BOOKMARK [3][-]{subsubsection.1.6.1}{Studied Literature}{subsection.1.6}% 8
\BOOKMARK [3][-]{subsubsection.1.6.2}{Related Work}{subsection.1.6}% 9
\BOOKMARK [2][-]{subsection.1.7}{Initial Attempts}{section.1}% 10
\BOOKMARK [2][-]{subsection.1.8}{Short Intro on Transformers}{section.1}% 11
\BOOKMARK [1][-]{section.2}{Methodology}{}% 12
\BOOKMARK [2][-]{subsection.2.1}{Dataset}{section.2}% 13
\BOOKMARK [2][-]{subsection.2.2}{User Embeddings Initialization}{section.2}% 14
\BOOKMARK [2][-]{subsection.2.3}{Concatenation of User and Word Embeddings}{section.2}% 15
\BOOKMARK [2][-]{subsection.2.4}{Model Architecture Modification}{section.2}% 16
\BOOKMARK [2][-]{subsection.2.5}{Training with User Embeddings}{section.2}% 17
\BOOKMARK [2][-]{subsection.2.6}{Updating User Embeddings}{section.2}% 18
\BOOKMARK [1][-]{section.3}{Evaluation}{}% 19
\BOOKMARK [1][-]{section.4}{Validation}{}% 20
\BOOKMARK [1][-]{section.5}{Results}{}% 21
\BOOKMARK [1][-]{section.6}{Conclusion}{}% 22
